<?xml version="1.0" encoding="UTF-8"?>
<testsuite name="demo.ApplicationTests" time="5.425" tests="4" errors="0" skipped="0" failures="2">
  <properties>
[...]
</properties>
  <testcase name="userEndpointProtected" classname="demo.ApplicationTests" time="0.923"/>
  <testcase name="authorizationRedirects" classname="demo.ApplicationTests" time="0.052">
    <failure message="Wrong header: http://localhost:9999/uaa/login" type="java.lang.AssertionError">java.lang.AssertionError: Wrong header: http://localhost:9999/uaa/login
	at org.junit.Assert.fail(Assert.java:88)
	at org.junit.Assert.assertTrue(Assert.java:41)
	at demo.ApplicationTests.authorizationRedirects(ApplicationTests.java:64)
</failure>
    <system-out><![CDATA[2015-07-01 16:40:19.277 DEBUG 53104 --- [o-auto-1-exec-2] o.s.s.w.u.matcher.AntPathRequestMatcher  : Checking match of request : '/oauth/authorize'; against '/js'
2015-07-01 16:40:19.277 DEBUG 53104 --- [o-auto-1-exec-2] o.s.s.w.u.matcher.AntPathRequestMatcher  : Checking match of request : '/oauth/authorize'; against '/css'
2015-07-01 16:40:19.277 DEBUG 53104 --- [o-auto-1-exec-2] o.s.s.w.u.matcher.AntPathRequestMatcher  : Checking match of request : '/oauth/authorize'; against '/js/**'
2015-07-01 16:40:19.277 DEBUG 53104 --- [o-auto-1-exec-2] o.s.s.w.u.matcher.AntPathRequestMatcher  : Checking match of request : '/oauth/authorize'; against '/css/**'
2015-07-01 16:40:19.277 DEBUG 53104 --- [o-auto-1-exec-2] o.s.s.w.u.matcher.AntPathRequestMatcher  : Checking match of request : '/oauth/authorize'; against '/staticjs/'
2015-07-01 16:40:19.278 DEBUG 53104 --- [o-auto-1-exec-2] o.s.s.w.u.matcher.AntPathRequestMatcher  : Checking match of request : '/oauth/authorize'; against '/staticjs/**'
2015-07-01 16:40:19.278 DEBUG 53104 --- [o-auto-1-exec-2] o.s.s.w.u.matcher.AntPathRequestMatcher  : Checking match of request : '/oauth/authorize'; against '/staticjs/'
2015-07-01 16:40:19.278 DEBUG 53104 --- [o-auto-1-exec-2] o.s.s.w.u.matcher.AntPathRequestMatcher  : Checking match of request : '/oauth/authorize'; against '/error'
2015-07-01 16:40:19.278 DEBUG 53104 --- [o-auto-1-exec-2] o.s.s.web.util.matcher.OrRequestMatcher  : Trying to match using Ant [pattern='/login']
2015-07-01 16:40:19.278 DEBUG 53104 --- [o-auto-1-exec-2] o.s.s.w.u.matcher.AntPathRequestMatcher  : Checking match of request : '/oauth/authorize'; against '/login'
2015-07-01 16:40:19.278 DEBUG 53104 --- [o-auto-1-exec-2] o.s.s.web.util.matcher.OrRequestMatcher  : Trying to match using Ant [pattern='/oauth/authorize']
2015-07-01 16:40:19.278 DEBUG 53104 --- [o-auto-1-exec-2] o.s.s.w.u.matcher.AntPathRequestMatcher  : Checking match of request : '/oauth/authorize'; against '/oauth/authorize'
2015-07-01 16:40:19.278 DEBUG 53104 --- [o-auto-1-exec-2] o.s.s.web.util.matcher.OrRequestMatcher  : matched
2015-07-01 16:40:19.279 DEBUG 53104 --- [o-auto-1-exec-2] o.s.security.web.FilterChainProxy        : /oauth/authorize at position 1 of 12 in additional filter chain; firing Filter: 'WebAsyncManagerIntegrationFilter'
2015-07-01 16:40:19.279 DEBUG 53104 --- [o-auto-1-exec-2] o.s.security.web.FilterChainProxy        : /oauth/authorize at position 2 of 12 in additional filter chain; firing Filter: 'SecurityContextPersistenceFilter'
2015-07-01 16:40:19.279 DEBUG 53104 --- [o-auto-1-exec-2] w.c.HttpSessionSecurityContextRepository : No HttpSession currently exists
2015-07-01 16:40:19.279 DEBUG 53104 --- [o-auto-1-exec-2] w.c.HttpSessionSecurityContextRepository : No SecurityContext was available from the HttpSession: null. A new one will be created.
2015-07-01 16:40:19.284 DEBUG 53104 --- [o-auto-1-exec-2] o.s.security.web.FilterChainProxy        : /oauth/authorize at position 3 of 12 in additional filter chain; firing Filter: 'HeaderWriterFilter'
2015-07-01 16:40:19.285 DEBUG 53104 --- [o-auto-1-exec-2] o.s.s.w.header.writers.HstsHeaderWriter  : Not injecting HSTS header since it did not match the requestMatcher org.springframework.security.web.header.writers.HstsHeaderWriter$SecureRequestMatcher@3e12f4c3
2015-07-01 16:40:19.285 DEBUG 53104 --- [o-auto-1-exec-2] o.s.security.web.FilterChainProxy        : /oauth/authorize at position 4 of 12 in additional filter chain; firing Filter: 'CsrfFilter'
2015-07-01 16:40:19.288 DEBUG 53104 --- [o-auto-1-exec-2] o.s.security.web.FilterChainProxy        : /oauth/authorize at position 5 of 12 in additional filter chain; firing Filter: 'LogoutFilter'
2015-07-01 16:40:19.288 DEBUG 53104 --- [o-auto-1-exec-2] o.s.s.w.u.matcher.AntPathRequestMatcher  : Request 'GET /oauth/authorize' doesn't match 'POST /logout
2015-07-01 16:40:19.288 DEBUG 53104 --- [o-auto-1-exec-2] o.s.security.web.FilterChainProxy        : /oauth/authorize at position 6 of 12 in additional filter chain; firing Filter: 'UsernamePasswordAuthenticationFilter'
2015-07-01 16:40:19.289 DEBUG 53104 --- [o-auto-1-exec-2] o.s.s.w.u.matcher.AntPathRequestMatcher  : Request 'GET /oauth/authorize' doesn't match 'POST /login
2015-07-01 16:40:19.289 DEBUG 53104 --- [o-auto-1-exec-2] o.s.security.web.FilterChainProxy        : /oauth/authorize at position 7 of 12 in additional filter chain; firing Filter: 'RequestCacheAwareFilter'
2015-07-01 16:40:19.289 DEBUG 53104 --- [o-auto-1-exec-2] o.s.security.web.FilterChainProxy        : /oauth/authorize at position 8 of 12 in additional filter chain; firing Filter: 'SecurityContextHolderAwareRequestFilter'
2015-07-01 16:40:19.289 DEBUG 53104 --- [o-auto-1-exec-2] o.s.security.web.FilterChainProxy        : /oauth/authorize at position 9 of 12 in additional filter chain; firing Filter: 'AnonymousAuthenticationFilter'
2015-07-01 16:40:19.289 DEBUG 53104 --- [o-auto-1-exec-2] o.s.s.w.a.AnonymousAuthenticationFilter  : Populated SecurityContextHolder with anonymous token: 'org.springframework.security.authentication.AnonymousAuthenticationToken@9055e4a6: Principal: anonymousUser; Credentials: [PROTECTED]; Authenticated: true; Details: org.springframework.security.web.authentication.WebAuthenticationDetails@957e: RemoteIpAddress: 127.0.0.1; SessionId: null; Granted Authorities: ROLE_ANONYMOUS'
2015-07-01 16:40:19.290 DEBUG 53104 --- [o-auto-1-exec-2] o.s.security.web.FilterChainProxy        : /oauth/authorize at position 10 of 12 in additional filter chain; firing Filter: 'SessionManagementFilter'
2015-07-01 16:40:19.290 DEBUG 53104 --- [o-auto-1-exec-2] o.s.security.web.FilterChainProxy        : /oauth/authorize at position 11 of 12 in additional filter chain; firing Filter: 'ExceptionTranslationFilter'
2015-07-01 16:40:19.290 DEBUG 53104 --- [o-auto-1-exec-2] o.s.security.web.FilterChainProxy        : /oauth/authorize at position 12 of 12 in additional filter chain; firing Filter: 'FilterSecurityInterceptor'
2015-07-01 16:40:19.291 DEBUG 53104 --- [o-auto-1-exec-2] o.s.s.w.a.i.FilterSecurityInterceptor    : Secure object: FilterInvocation: URL: /oauth/authorize; Attributes: [authenticated]
2015-07-01 16:40:19.291 DEBUG 53104 --- [o-auto-1-exec-2] o.s.s.w.a.i.FilterSecurityInterceptor    : Previously Authenticated: org.springframework.security.authentication.AnonymousAuthenticationToken@9055e4a6: Principal: anonymousUser; Credentials: [PROTECTED]; Authenticated: true; Details: org.springframework.security.web.authentication.WebAuthenticationDetails@957e: RemoteIpAddress: 127.0.0.1; SessionId: null; Granted Authorities: ROLE_ANONYMOUS
2015-07-01 16:40:19.291 DEBUG 53104 --- [o-auto-1-exec-2] o.s.s.access.vote.AffirmativeBased       : Voter: org.springframework.security.web.access.expression.WebExpressionVoter@656ae80e, returned: -1
2015-07-01 16:40:19.292  INFO 53104 --- [o-auto-1-exec-2] o.s.b.a.audit.listener.AuditListener     : AuditEvent [timestamp=Wed Jul 01 16:40:19 PKT 2015, principal=anonymousUser, type=AUTHORIZATION_FAILURE, data={type=org.springframework.security.access.AccessDeniedException, message=Access is denied}]
2015-07-01 16:40:19.293 DEBUG 53104 --- [o-auto-1-exec-2] o.s.s.w.a.ExceptionTranslationFilter     : Access is denied (user is anonymous); redirecting to authentication entry point

org.springframework.security.access.AccessDeniedException: Access is denied
	at org.springframework.security.access.vote.AffirmativeBased.decide(AffirmativeBased.java:83)
	at org.springframework.security.access.intercept.AbstractSecurityInterceptor.beforeInvocation(AbstractSecurityInterceptor.java:206)
	at org.springframework.security.web.access.intercept.FilterSecurityInterceptor.invoke(FilterSecurityInterceptor.java:115)
	at org.springframework.security.web.access.intercept.FilterSecurityInterceptor.doFilter(FilterSecurityInterceptor.java:84)
	at org.springframework.security.web.FilterChainProxy$VirtualFilterChain.doFilter(FilterChainProxy.java:342)
	at org.springframework.security.web.access.ExceptionTranslationFilter.doFilter(ExceptionTranslationFilter.java:113)
	at org.springframework.security.web.FilterChainProxy$VirtualFilterChain.doFilter(FilterChainProxy.java:342)
	at org.springframework.security.web.session.SessionManagementFilter.doFilter(SessionManagementFilter.java:103)
	at org.springframework.security.web.FilterChainProxy$VirtualFilterChain.doFilter(FilterChainProxy.java:342)
	at org.springframework.security.web.authentication.AnonymousAuthenticationFilter.doFilter(AnonymousAuthenticationFilter.java:113)
	at org.springframework.security.web.FilterChainProxy$VirtualFilterChain.doFilter(FilterChainProxy.java:342)
	at org.springframework.security.web.servletapi.SecurityContextHolderAwareRequestFilter.doFilter(SecurityContextHolderAwareRequestFilter.java:154)
	at org.springframework.security.web.FilterChainProxy$VirtualFilterChain.doFilter(FilterChainProxy.java:342)
	at org.springframework.security.web.savedrequest.RequestCacheAwareFilter.doFilter(RequestCacheAwareFilter.java:45)
	at org.springframework.security.web.FilterChainProxy$VirtualFilterChain.doFilter(FilterChainProxy.java:342)
	at org.springframework.security.web.authentication.AbstractAuthenticationProcessingFilter.doFilter(AbstractAuthenticationProcessingFilter.java:199)
	at org.springframework.security.web.FilterChainProxy$VirtualFilterChain.doFilter(FilterChainProxy.java:342)
	at org.springframework.security.web.authentication.logout.LogoutFilter.doFilter(LogoutFilter.java:110)
	at org.springframework.security.web.FilterChainProxy$VirtualFilterChain.doFilter(FilterChainProxy.java:342)
	at org.springframework.security.web.csrf.CsrfFilter.doFilterInternal(CsrfFilter.java:85)
	at org.springframework.web.filter.OncePerRequestFilter.doFilter(OncePerRequestFilter.java:107)
	at org.springframework.security.web.FilterChainProxy$VirtualFilterChain.doFilter(FilterChainProxy.java:342)
	at org.springframework.security.web.header.HeaderWriterFilter.doFilterInternal(HeaderWriterFilter.java:57)
	at org.springframework.web.filter.OncePerRequestFilter.doFilter(OncePerRequestFilter.java:107)
	at org.springframework.security.web.FilterChainProxy$VirtualFilterChain.doFilter(FilterChainProxy.java:342)
	at org.springframework.security.web.context.SecurityContextPersistenceFilter.doFilter(SecurityContextPersistenceFilter.java:87)
	at org.springframework.security.web.FilterChainProxy$VirtualFilterChain.doFilter(FilterChainProxy.java:342)
	at org.springframework.security.web.context.request.async.WebAsyncManagerIntegrationFilter.doFilterInternal(WebAsyncManagerIntegrationFilter.java:50)
	at org.springframework.web.filter.OncePerRequestFilter.doFilter(OncePerRequestFilter.java:107)
	at org.springframework.security.web.FilterChainProxy$VirtualFilterChain.doFilter(FilterChainProxy.java:342)
	at org.springframework.security.web.FilterChainProxy.doFilterInternal(FilterChainProxy.java:192)
	at org.springframework.security.web.FilterChainProxy.doFilter(FilterChainProxy.java:160)
	at org.apache.catalina.core.ApplicationFilterChain.internalDoFilter(ApplicationFilterChain.java:239)
	at org.apache.catalina.core.ApplicationFilterChain.doFilter(ApplicationFilterChain.java:206)
	at org.springframework.web.filter.CharacterEncodingFilter.doFilterInternal(CharacterEncodingFilter.java:88)
	at org.springframework.web.filter.OncePerRequestFilter.doFilter(OncePerRequestFilter.java:107)
	at org.apache.catalina.core.ApplicationFilterChain.internalDoFilter(ApplicationFilterChain.java:239)
	at org.apache.catalina.core.ApplicationFilterChain.doFilter(ApplicationFilterChain.java:206)
	at org.springframework.boot.actuate.autoconfigure.MetricFilterAutoConfiguration$MetricsFilter.doFilterInternal(MetricFilterAutoConfiguration.java:90)
	at org.springframework.web.filter.OncePerRequestFilter.doFilter(OncePerRequestFilter.java:107)
	at org.apache.catalina.core.ApplicationFilterChain.internalDoFilter(ApplicationFilterChain.java:239)
	at org.apache.catalina.core.ApplicationFilterChain.doFilter(ApplicationFilterChain.java:206)
	at org.apache.catalina.core.StandardWrapperValve.invoke(StandardWrapperValve.java:219)
	at org.apache.catalina.core.StandardContextValve.invoke(StandardContextValve.java:106)
	at org.apache.catalina.authenticator.AuthenticatorBase.invoke(AuthenticatorBase.java:501)
	at org.apache.catalina.core.StandardHostValve.invoke(StandardHostValve.java:142)
	at org.apache.catalina.valves.ErrorReportValve.invoke(ErrorReportValve.java:79)
	at org.apache.catalina.core.StandardEngineValve.invoke(StandardEngineValve.java:88)
	at org.apache.catalina.connector.CoyoteAdapter.service(CoyoteAdapter.java:516)
	at org.apache.coyote.http11.AbstractHttp11Processor.process(AbstractHttp11Processor.java:1086)
	at org.apache.coyote.AbstractProtocol$AbstractConnectionHandler.process(AbstractProtocol.java:659)
	at org.apache.coyote.http11.Http11NioProtocol$Http11ConnectionHandler.process(Http11NioProtocol.java:223)
	at org.apache.tomcat.util.net.NioEndpoint$SocketProcessor.doRun(NioEndpoint.java:1558)
	at org.apache.tomcat.util.net.NioEndpoint$SocketProcessor.run(NioEndpoint.java:1515)
	at java.util.concurrent.ThreadPoolExecutor.runWorker(ThreadPoolExecutor.java:1142)
	at java.util.concurrent.ThreadPoolExecutor$Worker.run(ThreadPoolExecutor.java:617)
	at org.apache.tomcat.util.threads.TaskThread$WrappingRunnable.run(TaskThread.java:61)
	at java.lang.Thread.run(Thread.java:745)

2015-07-01 16:40:19.294 DEBUG 53104 --- [o-auto-1-exec-2] o.s.s.w.util.matcher.AndRequestMatcher   : Trying to match using Ant [pattern='/**', GET]
2015-07-01 16:40:19.294 DEBUG 53104 --- [o-auto-1-exec-2] o.s.s.w.u.matcher.AntPathRequestMatcher  : Request '/oauth/authorize' matched by universal pattern '/**'
2015-07-01 16:40:19.294 DEBUG 53104 --- [o-auto-1-exec-2] o.s.s.w.util.matcher.AndRequestMatcher   : Trying to match using NegatedRequestMatcher [requestMatcher=Ant [pattern='/**/favicon.ico']]
2015-07-01 16:40:19.294 DEBUG 53104 --- [o-auto-1-exec-2] o.s.s.w.u.matcher.AntPathRequestMatcher  : Checking match of request : '/oauth/authorize'; against '/**/favicon.ico'
2015-07-01 16:40:19.294 DEBUG 53104 --- [o-auto-1-exec-2] o.s.s.w.u.matcher.NegatedRequestMatcher  : matches = true
2015-07-01 16:40:19.295 DEBUG 53104 --- [o-auto-1-exec-2] o.s.s.w.util.matcher.AndRequestMatcher   : Trying to match using NegatedRequestMatcher [requestMatcher=MediaTypeRequestMatcher [contentNegotiationStrategy=org.springframework.web.accept.ContentNegotiationManager@3da4bdd, matchingMediaTypes=[application/json], useEquals=false, ignoredMediaTypes=[*/*]]]
2015-07-01 16:40:19.295 DEBUG 53104 --- [o-auto-1-exec-2] o.s.s.w.u.m.MediaTypeRequestMatcher      : httpRequestMediaTypes=[text/plain, application/json, application/*+json, */*]
2015-07-01 16:40:19.296 DEBUG 53104 --- [o-auto-1-exec-2] o.s.s.w.u.m.MediaTypeRequestMatcher      : Processing text/plain
2015-07-01 16:40:19.296 DEBUG 53104 --- [o-auto-1-exec-2] o.s.s.w.u.m.MediaTypeRequestMatcher      : application/json .isCompatibleWith text/plain = false
2015-07-01 16:40:19.296 DEBUG 53104 --- [o-auto-1-exec-2] o.s.s.w.u.m.MediaTypeRequestMatcher      : Processing application/json
2015-07-01 16:40:19.296 DEBUG 53104 --- [o-auto-1-exec-2] o.s.s.w.u.m.MediaTypeRequestMatcher      : application/json .isCompatibleWith application/json = true
2015-07-01 16:40:19.296 DEBUG 53104 --- [o-auto-1-exec-2] o.s.s.w.u.matcher.NegatedRequestMatcher  : matches = false
2015-07-01 16:40:19.296 DEBUG 53104 --- [o-auto-1-exec-2] o.s.s.w.util.matcher.AndRequestMatcher   : Did not match
2015-07-01 16:40:19.296 DEBUG 53104 --- [o-auto-1-exec-2] o.s.s.w.s.HttpSessionRequestCache        : Request not saved as configured RequestMatcher did not match
2015-07-01 16:40:19.296 DEBUG 53104 --- [o-auto-1-exec-2] o.s.s.w.a.ExceptionTranslationFilter     : Calling Authentication entry point.
redirecting browser to :http://localhost:9999/uaa/login
2015-07-01 16:40:19.297 DEBUG 53104 --- [o-auto-1-exec-2] o.s.s.web.DefaultRedirectStrategy        : Redirecting to 'http://localhost:9999/uaa/login'
2015-07-01 16:40:19.297 DEBUG 53104 --- [o-auto-1-exec-2] w.c.HttpSessionSecurityContextRepository : SecurityContext is empty or contents are anonymous - context will not be stored in HttpSession.
2015-07-01 16:40:19.297 DEBUG 53104 --- [o-auto-1-exec-2] s.s.w.c.SecurityContextPersistenceFilter : SecurityContextHolder now cleared, as request processing completed
]]></system-out>
  </testcase>
  <testcase name="homePageProtected" classname="demo.ApplicationTests" time="0.021"/>
  <testcase name="loginSucceeds" classname="demo.ApplicationTests" time="4.429">
    <failure message="expected:&lt;...localhost:50651/uaa/[]&gt; but was:&lt;...localhost:50651/uaa/[login?error]&gt;" type="org.junit.ComparisonFailure"><![CDATA[org.junit.ComparisonFailure: expected:<...localhost:50651/uaa/[]> but was:<...localhost:50651/uaa/[login?error]>
	at org.junit.Assert.assertEquals(Assert.java:115)
	at org.junit.Assert.assertEquals(Assert.java:144)
	at demo.ApplicationTests.loginSucceeds(ApplicationTests.java:83)
]]></failure>
    <system-out><![CDATA[2015-07-01 16:40:19.366 DEBUG 53104 --- [o-auto-1-exec-4] o.s.s.w.u.matcher.AntPathRequestMatcher  : Checking match of request : '/login'; against '/js'
2015-07-01 16:40:19.366 DEBUG 53104 --- [o-auto-1-exec-4] o.s.s.w.u.matcher.AntPathRequestMatcher  : Checking match of request : '/login'; against '/css'
2015-07-01 16:40:19.366 DEBUG 53104 --- [o-auto-1-exec-4] o.s.s.w.u.matcher.AntPathRequestMatcher  : Checking match of request : '/login'; against '/js/**'
2015-07-01 16:40:19.366 DEBUG 53104 --- [o-auto-1-exec-4] o.s.s.w.u.matcher.AntPathRequestMatcher  : Checking match of request : '/login'; against '/css/**'
2015-07-01 16:40:19.366 DEBUG 53104 --- [o-auto-1-exec-4] o.s.s.w.u.matcher.AntPathRequestMatcher  : Checking match of request : '/login'; against '/staticjs/'
2015-07-01 16:40:19.366 DEBUG 53104 --- [o-auto-1-exec-4] o.s.s.w.u.matcher.AntPathRequestMatcher  : Checking match of request : '/login'; against '/staticjs/**'
2015-07-01 16:40:19.366 DEBUG 53104 --- [o-auto-1-exec-4] o.s.s.w.u.matcher.AntPathRequestMatcher  : Checking match of request : '/login'; against '/staticjs/'
2015-07-01 16:40:19.366 DEBUG 53104 --- [o-auto-1-exec-4] o.s.s.w.u.matcher.AntPathRequestMatcher  : Checking match of request : '/login'; against '/error'
2015-07-01 16:40:19.366 DEBUG 53104 --- [o-auto-1-exec-4] o.s.s.web.util.matcher.OrRequestMatcher  : Trying to match using Ant [pattern='/login']
2015-07-01 16:40:19.367 DEBUG 53104 --- [o-auto-1-exec-4] o.s.s.w.u.matcher.AntPathRequestMatcher  : Checking match of request : '/login'; against '/login'
2015-07-01 16:40:19.367 DEBUG 53104 --- [o-auto-1-exec-4] o.s.s.web.util.matcher.OrRequestMatcher  : matched
2015-07-01 16:40:19.367 DEBUG 53104 --- [o-auto-1-exec-4] o.s.security.web.FilterChainProxy        : /login at position 1 of 12 in additional filter chain; firing Filter: 'WebAsyncManagerIntegrationFilter'
2015-07-01 16:40:19.367 DEBUG 53104 --- [o-auto-1-exec-4] o.s.security.web.FilterChainProxy        : /login at position 2 of 12 in additional filter chain; firing Filter: 'SecurityContextPersistenceFilter'
2015-07-01 16:40:19.367 DEBUG 53104 --- [o-auto-1-exec-4] w.c.HttpSessionSecurityContextRepository : No HttpSession currently exists
2015-07-01 16:40:19.367 DEBUG 53104 --- [o-auto-1-exec-4] w.c.HttpSessionSecurityContextRepository : No SecurityContext was available from the HttpSession: null. A new one will be created.
2015-07-01 16:40:19.367 DEBUG 53104 --- [o-auto-1-exec-4] o.s.security.web.FilterChainProxy        : /login at position 3 of 12 in additional filter chain; firing Filter: 'HeaderWriterFilter'
2015-07-01 16:40:19.367 DEBUG 53104 --- [o-auto-1-exec-4] o.s.s.w.header.writers.HstsHeaderWriter  : Not injecting HSTS header since it did not match the requestMatcher org.springframework.security.web.header.writers.HstsHeaderWriter$SecureRequestMatcher@3e12f4c3
2015-07-01 16:40:19.368 DEBUG 53104 --- [o-auto-1-exec-4] o.s.security.web.FilterChainProxy        : /login at position 4 of 12 in additional filter chain; firing Filter: 'CsrfFilter'
2015-07-01 16:40:19.368 DEBUG 53104 --- [o-auto-1-exec-4] o.s.security.web.FilterChainProxy        : /login at position 5 of 12 in additional filter chain; firing Filter: 'LogoutFilter'
2015-07-01 16:40:19.368 DEBUG 53104 --- [o-auto-1-exec-4] o.s.s.w.u.matcher.AntPathRequestMatcher  : Request 'GET /login' doesn't match 'POST /logout
2015-07-01 16:40:19.368 DEBUG 53104 --- [o-auto-1-exec-4] o.s.security.web.FilterChainProxy        : /login at position 6 of 12 in additional filter chain; firing Filter: 'UsernamePasswordAuthenticationFilter'
2015-07-01 16:40:19.368 DEBUG 53104 --- [o-auto-1-exec-4] o.s.s.w.u.matcher.AntPathRequestMatcher  : Request 'GET /login' doesn't match 'POST /login
2015-07-01 16:40:19.368 DEBUG 53104 --- [o-auto-1-exec-4] o.s.security.web.FilterChainProxy        : /login at position 7 of 12 in additional filter chain; firing Filter: 'RequestCacheAwareFilter'
2015-07-01 16:40:19.368 DEBUG 53104 --- [o-auto-1-exec-4] o.s.security.web.FilterChainProxy        : /login at position 8 of 12 in additional filter chain; firing Filter: 'SecurityContextHolderAwareRequestFilter'
2015-07-01 16:40:19.369 DEBUG 53104 --- [o-auto-1-exec-4] o.s.security.web.FilterChainProxy        : /login at position 9 of 12 in additional filter chain; firing Filter: 'AnonymousAuthenticationFilter'
2015-07-01 16:40:19.369 DEBUG 53104 --- [o-auto-1-exec-4] o.s.s.w.a.AnonymousAuthenticationFilter  : Populated SecurityContextHolder with anonymous token: 'org.springframework.security.authentication.AnonymousAuthenticationToken@9055e4a6: Principal: anonymousUser; Credentials: [PROTECTED]; Authenticated: true; Details: org.springframework.security.web.authentication.WebAuthenticationDetails@957e: RemoteIpAddress: 127.0.0.1; SessionId: null; Granted Authorities: ROLE_ANONYMOUS'
2015-07-01 16:40:19.369 DEBUG 53104 --- [o-auto-1-exec-4] o.s.security.web.FilterChainProxy        : /login at position 10 of 12 in additional filter chain; firing Filter: 'SessionManagementFilter'
2015-07-01 16:40:19.369 DEBUG 53104 --- [o-auto-1-exec-4] o.s.security.web.FilterChainProxy        : /login at position 11 of 12 in additional filter chain; firing Filter: 'ExceptionTranslationFilter'
2015-07-01 16:40:19.369 DEBUG 53104 --- [o-auto-1-exec-4] o.s.security.web.FilterChainProxy        : /login at position 12 of 12 in additional filter chain; firing Filter: 'FilterSecurityInterceptor'
2015-07-01 16:40:19.369 DEBUG 53104 --- [o-auto-1-exec-4] o.s.s.w.a.i.FilterSecurityInterceptor    : Secure object: FilterInvocation: URL: /login; Attributes: [permitAll]
2015-07-01 16:40:19.369 DEBUG 53104 --- [o-auto-1-exec-4] o.s.s.w.a.i.FilterSecurityInterceptor    : Previously Authenticated: org.springframework.security.authentication.AnonymousAuthenticationToken@9055e4a6: Principal: anonymousUser; Credentials: [PROTECTED]; Authenticated: true; Details: org.springframework.security.web.authentication.WebAuthenticationDetails@957e: RemoteIpAddress: 127.0.0.1; SessionId: null; Granted Authorities: ROLE_ANONYMOUS
2015-07-01 16:40:19.370 DEBUG 53104 --- [o-auto-1-exec-4] o.s.s.access.vote.AffirmativeBased       : Voter: org.springframework.security.web.access.expression.WebExpressionVoter@656ae80e, returned: 1
2015-07-01 16:40:19.370 DEBUG 53104 --- [o-auto-1-exec-4] o.s.s.w.a.i.FilterSecurityInterceptor    : Authorization successful
2015-07-01 16:40:19.371 DEBUG 53104 --- [o-auto-1-exec-4] o.s.s.w.a.i.FilterSecurityInterceptor    : RunAsManager did not change Authentication object
2015-07-01 16:40:19.371 DEBUG 53104 --- [o-auto-1-exec-4] o.s.security.web.FilterChainProxy        : /login reached end of additional filter chain; proceeding with original chain
key: accept |value: text/plain, application/json, application/*+json, */*
key: host |value: localhost:50651
key: connection |value: Keep-Alive
key: user-agent |value: Apache-HttpClient/4.3.6 (java 1.5)
key: accept-encoding |value: gzip,deflate
2015-07-01 16:40:19.593 DEBUG 53104 --- [o-auto-1-exec-4] w.c.HttpSessionSecurityContextRepository : SecurityContext is empty or contents are anonymous - context will not be stored in HttpSession.
2015-07-01 16:40:19.597 DEBUG 53104 --- [o-auto-1-exec-4] o.s.s.w.a.ExceptionTranslationFilter     : Chain processed normally
2015-07-01 16:40:19.597 DEBUG 53104 --- [o-auto-1-exec-4] s.s.w.c.SecurityContextPersistenceFilter : SecurityContextHolder now cleared, as request processing completed
2015-07-01 16:40:19.809 DEBUG 53104 --- [o-auto-1-exec-5] o.s.s.w.u.matcher.AntPathRequestMatcher  : Checking match of request : '/login'; against '/js'
2015-07-01 16:40:19.809 DEBUG 53104 --- [o-auto-1-exec-5] o.s.s.w.u.matcher.AntPathRequestMatcher  : Checking match of request : '/login'; against '/css'
2015-07-01 16:40:19.809 DEBUG 53104 --- [o-auto-1-exec-5] o.s.s.w.u.matcher.AntPathRequestMatcher  : Checking match of request : '/login'; against '/js/**'
2015-07-01 16:40:19.809 DEBUG 53104 --- [o-auto-1-exec-5] o.s.s.w.u.matcher.AntPathRequestMatcher  : Checking match of request : '/login'; against '/css/**'
2015-07-01 16:40:19.809 DEBUG 53104 --- [o-auto-1-exec-5] o.s.s.w.u.matcher.AntPathRequestMatcher  : Checking match of request : '/login'; against '/staticjs/'
2015-07-01 16:40:19.810 DEBUG 53104 --- [o-auto-1-exec-5] o.s.s.w.u.matcher.AntPathRequestMatcher  : Checking match of request : '/login'; against '/staticjs/**'
2015-07-01 16:40:19.810 DEBUG 53104 --- [o-auto-1-exec-5] o.s.s.w.u.matcher.AntPathRequestMatcher  : Checking match of request : '/login'; against '/staticjs/'
2015-07-01 16:40:19.810 DEBUG 53104 --- [o-auto-1-exec-5] o.s.s.w.u.matcher.AntPathRequestMatcher  : Checking match of request : '/login'; against '/error'
2015-07-01 16:40:19.810 DEBUG 53104 --- [o-auto-1-exec-5] o.s.s.web.util.matcher.OrRequestMatcher  : Trying to match using Ant [pattern='/login']
2015-07-01 16:40:19.810 DEBUG 53104 --- [o-auto-1-exec-5] o.s.s.w.u.matcher.AntPathRequestMatcher  : Checking match of request : '/login'; against '/login'
2015-07-01 16:40:19.810 DEBUG 53104 --- [o-auto-1-exec-5] o.s.s.web.util.matcher.OrRequestMatcher  : matched
2015-07-01 16:40:19.810 DEBUG 53104 --- [o-auto-1-exec-5] o.s.security.web.FilterChainProxy        : /login at position 1 of 12 in additional filter chain; firing Filter: 'WebAsyncManagerIntegrationFilter'
2015-07-01 16:40:19.810 DEBUG 53104 --- [o-auto-1-exec-5] o.s.security.web.FilterChainProxy        : /login at position 2 of 12 in additional filter chain; firing Filter: 'SecurityContextPersistenceFilter'
2015-07-01 16:40:19.811 DEBUG 53104 --- [o-auto-1-exec-5] w.c.HttpSessionSecurityContextRepository : HttpSession returned null object for SPRING_SECURITY_CONTEXT
2015-07-01 16:40:19.811 DEBUG 53104 --- [o-auto-1-exec-5] w.c.HttpSessionSecurityContextRepository : No SecurityContext was available from the HttpSession: org.apache.catalina.session.StandardSessionFacade@5fb31c70. A new one will be created.
2015-07-01 16:40:19.811 DEBUG 53104 --- [o-auto-1-exec-5] o.s.security.web.FilterChainProxy        : /login at position 3 of 12 in additional filter chain; firing Filter: 'HeaderWriterFilter'
2015-07-01 16:40:19.811 DEBUG 53104 --- [o-auto-1-exec-5] o.s.s.w.header.writers.HstsHeaderWriter  : Not injecting HSTS header since it did not match the requestMatcher org.springframework.security.web.header.writers.HstsHeaderWriter$SecureRequestMatcher@3e12f4c3
2015-07-01 16:40:19.811 DEBUG 53104 --- [o-auto-1-exec-5] o.s.security.web.FilterChainProxy        : /login at position 4 of 12 in additional filter chain; firing Filter: 'CsrfFilter'
2015-07-01 16:40:19.812 DEBUG 53104 --- [o-auto-1-exec-5] o.s.security.web.FilterChainProxy        : /login at position 5 of 12 in additional filter chain; firing Filter: 'LogoutFilter'
2015-07-01 16:40:19.812 DEBUG 53104 --- [o-auto-1-exec-5] o.s.s.w.u.matcher.AntPathRequestMatcher  : Checking match of request : '/login'; against '/logout'
2015-07-01 16:40:19.813 DEBUG 53104 --- [o-auto-1-exec-5] o.s.security.web.FilterChainProxy        : /login at position 6 of 12 in additional filter chain; firing Filter: 'UsernamePasswordAuthenticationFilter'
2015-07-01 16:40:19.813 DEBUG 53104 --- [o-auto-1-exec-5] o.s.s.w.u.matcher.AntPathRequestMatcher  : Checking match of request : '/login'; against '/login'
2015-07-01 16:40:19.813 DEBUG 53104 --- [o-auto-1-exec-5] w.a.UsernamePasswordAuthenticationFilter : Request is to process authentication
2015-07-01 16:40:19.814 DEBUG 53104 --- [o-auto-1-exec-5] o.s.s.authentication.ProviderManager     : Authentication attempt using org.springframework.security.authentication.dao.DaoAuthenticationProvider
2015-07-01 16:40:19.814 DEBUG 53104 --- [o-auto-1-exec-5] aop                                      : Entering UserRepositoryUserDetailsService.loadUserByUsername(user)
2015-07-01 16:40:19.824 DEBUG 53104 --- [o-auto-1-exec-5] o.s.d.n.r.SpringRestCypherQueryEngine    : Executing remote cypher query: Match (user:User) Where user.username = {0} return user params {0=user}
2015-07-01 16:40:23.569 DEBUG 53104 --- [o-auto-1-exec-5] aop                                      : Exception thrown in method 'loadUserByUsername' of class [so.pickme.service.impl.UserRepositoryUserDetailsService]

org.springframework.security.core.userdetails.UsernameNotFoundException: Could not find user user
	at so.pickme.service.impl.UserRepositoryUserDetailsService.loadUserByUsername(UserRepositoryUserDetailsService.java:60)
	at sun.reflect.NativeMethodAccessorImpl.invoke0(Native Method)
	at sun.reflect.NativeMethodAccessorImpl.invoke(NativeMethodAccessorImpl.java:62)
	at sun.reflect.DelegatingMethodAccessorImpl.invoke(DelegatingMethodAccessorImpl.java:43)
	at java.lang.reflect.Method.invoke(Method.java:497)
	at org.springframework.aop.support.AopUtils.invokeJoinpointUsingReflection(AopUtils.java:317)
	at org.springframework.aop.framework.ReflectiveMethodInvocation.invokeJoinpoint(ReflectiveMethodInvocation.java:190)
	at org.springframework.aop.framework.ReflectiveMethodInvocation.proceed(ReflectiveMethodInvocation.java:157)
	at org.springframework.aop.interceptor.CustomizableTraceInterceptor.invokeUnderTrace(CustomizableTraceInterceptor.java:257)
	at org.springframework.aop.interceptor.AbstractTraceInterceptor.invoke(AbstractTraceInterceptor.java:112)
	at org.springframework.aop.framework.ReflectiveMethodInvocation.proceed(ReflectiveMethodInvocation.java:179)
	at org.springframework.aop.interceptor.ExposeInvocationInterceptor.invoke(ExposeInvocationInterceptor.java:92)
	at org.springframework.aop.framework.ReflectiveMethodInvocation.proceed(ReflectiveMethodInvocation.java:179)
	at org.springframework.aop.framework.JdkDynamicAopProxy.invoke(JdkDynamicAopProxy.java:207)
	at com.sun.proxy.$Proxy89.loadUserByUsername(Unknown Source)
	at org.springframework.security.authentication.dao.DaoAuthenticationProvider.retrieveUser(DaoAuthenticationProvider.java:102)
	at org.springframework.security.authentication.dao.AbstractUserDetailsAuthenticationProvider.authenticate(AbstractUserDetailsAuthenticationProvider.java:132)
	at org.springframework.security.authentication.ProviderManager.authenticate(ProviderManager.java:156)
	at org.springframework.security.authentication.ProviderManager.authenticate(ProviderManager.java:177)
	at org.springframework.security.web.authentication.UsernamePasswordAuthenticationFilter.attemptAuthentication(UsernamePasswordAuthenticationFilter.java:92)
	at org.springframework.security.web.authentication.AbstractAuthenticationProcessingFilter.doFilter(AbstractAuthenticationProcessingFilter.java:211)
	at org.springframework.security.web.FilterChainProxy$VirtualFilterChain.doFilter(FilterChainProxy.java:342)
	at org.springframework.security.web.authentication.logout.LogoutFilter.doFilter(LogoutFilter.java:110)
	at org.springframework.security.web.FilterChainProxy$VirtualFilterChain.doFilter(FilterChainProxy.java:342)
	at org.springframework.security.web.csrf.CsrfFilter.doFilterInternal(CsrfFilter.java:105)
	at org.springframework.web.filter.OncePerRequestFilter.doFilter(OncePerRequestFilter.java:107)
	at org.springframework.security.web.FilterChainProxy$VirtualFilterChain.doFilter(FilterChainProxy.java:342)
	at org.springframework.security.web.header.HeaderWriterFilter.doFilterInternal(HeaderWriterFilter.java:57)
	at org.springframework.web.filter.OncePerRequestFilter.doFilter(OncePerRequestFilter.java:107)
	at org.springframework.security.web.FilterChainProxy$VirtualFilterChain.doFilter(FilterChainProxy.java:342)
	at org.springframework.security.web.context.SecurityContextPersistenceFilter.doFilter(SecurityContextPersistenceFilter.java:87)
	at org.springframework.security.web.FilterChainProxy$VirtualFilterChain.doFilter(FilterChainProxy.java:342)
	at org.springframework.security.web.context.request.async.WebAsyncManagerIntegrationFilter.doFilterInternal(WebAsyncManagerIntegrationFilter.java:50)
	at org.springframework.web.filter.OncePerRequestFilter.doFilter(OncePerRequestFilter.java:107)
	at org.springframework.security.web.FilterChainProxy$VirtualFilterChain.doFilter(FilterChainProxy.java:342)
	at org.springframework.security.web.FilterChainProxy.doFilterInternal(FilterChainProxy.java:192)
	at org.springframework.security.web.FilterChainProxy.doFilter(FilterChainProxy.java:160)
	at org.apache.catalina.core.ApplicationFilterChain.internalDoFilter(ApplicationFilterChain.java:239)
	at org.apache.catalina.core.ApplicationFilterChain.doFilter(ApplicationFilterChain.java:206)
	at org.springframework.web.filter.CharacterEncodingFilter.doFilterInternal(CharacterEncodingFilter.java:88)
	at org.springframework.web.filter.OncePerRequestFilter.doFilter(OncePerRequestFilter.java:107)
	at org.apache.catalina.core.ApplicationFilterChain.internalDoFilter(ApplicationFilterChain.java:239)
	at org.apache.catalina.core.ApplicationFilterChain.doFilter(ApplicationFilterChain.java:206)
	at org.springframework.boot.actuate.autoconfigure.MetricFilterAutoConfiguration$MetricsFilter.doFilterInternal(MetricFilterAutoConfiguration.java:90)
	at org.springframework.web.filter.OncePerRequestFilter.doFilter(OncePerRequestFilter.java:107)
	at org.apache.catalina.core.ApplicationFilterChain.internalDoFilter(ApplicationFilterChain.java:239)
	at org.apache.catalina.core.ApplicationFilterChain.doFilter(ApplicationFilterChain.java:206)
	at org.apache.catalina.core.StandardWrapperValve.invoke(StandardWrapperValve.java:219)
	at org.apache.catalina.core.StandardContextValve.invoke(StandardContextValve.java:106)
	at org.apache.catalina.authenticator.AuthenticatorBase.invoke(AuthenticatorBase.java:501)
	at org.apache.catalina.core.StandardHostValve.invoke(StandardHostValve.java:142)
	at org.apache.catalina.valves.ErrorReportValve.invoke(ErrorReportValve.java:79)
	at org.apache.catalina.core.StandardEngineValve.invoke(StandardEngineValve.java:88)
	at org.apache.catalina.connector.CoyoteAdapter.service(CoyoteAdapter.java:516)
	at org.apache.coyote.http11.AbstractHttp11Processor.process(AbstractHttp11Processor.java:1086)
	at org.apache.coyote.AbstractProtocol$AbstractConnectionHandler.process(AbstractProtocol.java:659)
	at org.apache.coyote.http11.Http11NioProtocol$Http11ConnectionHandler.process(Http11NioProtocol.java:223)
	at org.apache.tomcat.util.net.NioEndpoint$SocketProcessor.doRun(NioEndpoint.java:1558)
	at org.apache.tomcat.util.net.NioEndpoint$SocketProcessor.run(NioEndpoint.java:1515)
	at java.util.concurrent.ThreadPoolExecutor.runWorker(ThreadPoolExecutor.java:1142)
	at java.util.concurrent.ThreadPoolExecutor$Worker.run(ThreadPoolExecutor.java:617)
	at org.apache.tomcat.util.threads.TaskThread$WrappingRunnable.run(TaskThread.java:61)
	at java.lang.Thread.run(Thread.java:745)

2015-07-01 16:40:23.763 DEBUG 53104 --- [o-auto-1-exec-5] o.s.s.a.dao.DaoAuthenticationProvider    : User 'user' not found
2015-07-01 16:40:23.764  INFO 53104 --- [o-auto-1-exec-5] o.s.b.a.audit.listener.AuditListener     : AuditEvent [timestamp=Wed Jul 01 16:40:23 PKT 2015, principal=user, type=AUTHENTICATION_FAILURE, data={type=org.springframework.security.authentication.BadCredentialsException, message=Bad credentials}]
2015-07-01 16:40:23.764 DEBUG 53104 --- [o-auto-1-exec-5] w.a.UsernamePasswordAuthenticationFilter : Authentication request failed: org.springframework.security.authentication.BadCredentialsException: Bad credentials
2015-07-01 16:40:23.764 DEBUG 53104 --- [o-auto-1-exec-5] w.a.UsernamePasswordAuthenticationFilter : Updated SecurityContextHolder to contain null Authentication
2015-07-01 16:40:23.764 DEBUG 53104 --- [o-auto-1-exec-5] w.a.UsernamePasswordAuthenticationFilter : Delegating to authentication failure handler org.springframework.security.web.authentication.SimpleUrlAuthenticationFailureHandler@295de298
2015-07-01 16:40:23.765 DEBUG 53104 --- [o-auto-1-exec-5] .a.SimpleUrlAuthenticationFailureHandler : Redirecting to /login?error
2015-07-01 16:40:23.765 DEBUG 53104 --- [o-auto-1-exec-5] o.s.s.web.DefaultRedirectStrategy        : Redirecting to '/uaa/login?error'
2015-07-01 16:40:23.765 DEBUG 53104 --- [o-auto-1-exec-5] w.c.HttpSessionSecurityContextRepository : SecurityContext is empty or contents are anonymous - context will not be stored in HttpSession.
2015-07-01 16:40:23.765 DEBUG 53104 --- [o-auto-1-exec-5] s.s.w.c.SecurityContextPersistenceFilter : SecurityContextHolder now cleared, as request processing completed
]]></system-out>
  </testcase>
</testsuite>